TLC2 Version 2026.04.18.033656 (rev: c45c125)
Warning: Please run the Java VM, which executes TLC with a throughput optimized garbage collector, by passing the "-XX:+UseParallelGC" property.
(Use the -nowarning option to disable this warning.)
Running breadth-first search Model-Checking with fp 19 and seed 3645912403704319406 with 4 workers on 4 cores with 1984MB heap and 64MB offheap memory [pid: 493] (Linux 6.17.5 amd64, N/A 17.0.15 64bit, MSBDiskFPSet, DiskStateQueue).
Parsing file /home/runner/workspace/formal_share/Vortex_DSE_CSlot_Skew.tla
Parsing file /tmp/tlc-283734036442272241/Naturals.tla (jar:file:/home/runner/workspace/formal/tla2tools.jar!/tla2sany/StandardModules/Naturals.tla)
Parsing file /tmp/tlc-283734036442272241/FiniteSets.tla (jar:file:/home/runner/workspace/formal/tla2tools.jar!/tla2sany/StandardModules/FiniteSets.tla)
Parsing file /tmp/tlc-283734036442272241/_TLCTrace.tla (jar:file:/home/runner/workspace/formal/tla2tools.jar!/tla2sany/StandardModules/_TLCTrace.tla)
Parsing file /tmp/tlc-283734036442272241/Sequences.tla (jar:file:/home/runner/workspace/formal/tla2tools.jar!/tla2sany/StandardModules/Sequences.tla)
Parsing file /tmp/tlc-283734036442272241/TLC.tla (jar:file:/home/runner/workspace/formal/tla2tools.jar!/tla2sany/StandardModules/TLC.tla)
Parsing file /tmp/tlc-283734036442272241/TLCExt.tla (jar:file:/home/runner/workspace/formal/tla2tools.jar!/tla2sany/StandardModules/TLCExt.tla)
Parsing file /tmp/tlc-283734036442272241/Integers.tla (jar:file:/home/runner/workspace/formal/tla2tools.jar!/tla2sany/StandardModules/Integers.tla)
Semantic processing of module Naturals
Semantic processing of module Sequences
Semantic processing of module FiniteSets
Semantic processing of module TLC
Semantic processing of module Integers
Semantic processing of module TLCExt
Semantic processing of module _TLCTrace
Semantic processing of module Vortex_DSE_CSlot_Skew
Linting of module TLCExt
Linting of module _TLCTrace
Linting of module Vortex_DSE_CSlot_Skew
Starting... (2026-05-21 16:46:46)
Computing initial states...
Finished computing initial states: 1 distinct state generated at 2026-05-21 16:46:47.
Model checking completed. No error has been found.
  Estimates of the probability that TLC did not check all reachable states
  because two distinct states had the same fingerprint:
  calculated (optimistic):  val = 4.7E-11
96481 states generated, 10099 distinct states found, 0 states left on queue.
The depth of the complete state graph search is 17.
The average outdegree of the complete state graph is 1 (minimum is 0, the maximum 11 and the 95th percentile is 3).
Finished in 02s at (2026-05-21 16:46:48)
